number,value,datetime_start,datetime_complete,duration,params_base_channels,params_batch_size,params_d_lr,params_dropout,params_g_lr,params_lambda_l1,params_style_embed_dim,state
0,0.09324753284454346,2026-10-03 14:04:04.377535,2026-10-03 14:07:06.719966,0 days 00:03:02.342431,32,4,0.0017254716573280352,0.4330880728874676,0.0003071057367777374,182.7602783178572,16,COMPLETE
1,0.09556768089532852,2026-10-03 14:07:06.727359,2026-10-03 14:09:12.133651,0 days 00:02:05.406292,32,16,0.00018891200276189413,0.14561457009902096,0.0012106896936002161,29.96730909710158,8,COMPLETE
2,0.0905950665473938,2026-10-03 14:09:12.142825,2026-10-03 14:13:23.348697,0 days 00:04:11.205872,64,16,0.0010508421338691768,0.08526206184364576,0.0003920673972242139,112.65466963346036,32,COMPLETE
3,0.09677249193191528,2026-10-03 14:13:23.355181,2026-10-03 14:16:24.381478,0 days 00:03:01.026297,32,4,0.0001339906056150979,0.45466020103939103,0.0002490643969382441,47.49239763680406,16,COMPLETE
4,0.09672001749277115,2026-10-03 14:16:24.387924,2026-10-03 14:19:25.110104,0 days 00:03:00.722180,32,4,0.0001739807471129175,0.4609371175115584,0.0005143828405076933,26.501137707458977,16,COMPLETE
5,0.11075757443904877,2026-10-03 14:19:25.117034,2026-10-03 14:20:23.072746,0 days 00:00:57.955712,32,4,0.0002254411699736049,0.40109849037701983,0.0003203913722293045,18.1357308677834,16,PRUNED
6,0.11532753705978394,2026-10-03 14:20:23.079698,2026-10-03 14:21:37.190019,0 days 00:01:14.110321,64,16,0.0011506408247250173,0.05793452976256486,0.0001016680374002288,12.097379927033845,8,PRUNED
7,0.10808423906564713,2026-10-03 14:21:37.196322,2026-10-03 14:22:22.234084,0 days 00:00:45.037762,32,16,0.00026489469207362676,0.3566223936114975,0.0002538617845650058,43.89781284588204,32,PRUNED
8,0.09295310080051422,2026-10-03 14:22:22.241338,2026-10-03 14:24:41.550412,0 days 00:02:19.309074,32,8,0.0003599512526417234,0.2542853455823514,0.0004787304927324384,96.16005310543451,8,COMPLETE
9,0.10700487345457077,2026-10-03 14:24:41.556859,2026-10-03 14:25:26.582613,0 days 00:00:45.025754,32,16,0.00012593695017526344,0.43573029509385885,0.00019846013217345094,50.315342656703216,32,PRUNED
