number,value,datetime_start,datetime_complete,duration,params_fine_tune_lr,params_lambda_balance,params_lambda_ce,params_reconstruction_alpha,params_temperature,state
0,0.8577694296836853,2026-10-03 07:27:12.370760,2026-10-03 07:32:42.956809,0 days 00:05:30.586049,5.6115164153345e-05,0.015751320499779727,0.17524101118128144,0.5780093202212182,4.758500101408589,COMPLETE
1,0.8479307293891907,2026-10-03 07:32:42.963861,2026-10-03 07:38:26.499714,0 days 00:05:43.535853,2.0511104188433963e-05,0.015930522616241012,0.29621516588303487,0.8540362888980227,0.38460969962417735,COMPLETE
2,0.8556203246116638,2026-10-03 07:38:26.506834,2026-10-03 07:43:57.896463,0 days 00:05:31.389629,1.0994335574766187e-05,0.0026587543983272706,0.2595942550311264,0.5909124836035503,4.852558275593772,COMPLETE
3,0.8516420125961304,2026-10-03 07:43:57.902591,2026-10-03 07:49:28.865129,0 days 00:05:30.962538,2.3270677083837777e-05,0.007309539835912915,0.0779014312627624,0.645614570099021,1.590786990501735,COMPLETE
4,0.8500063419342041,2026-10-03 07:49:28.871508,2026-10-03 07:54:59.176914,0 days 00:05:30.305406,0.00016738085788752134,0.005404103854647328,0.03135775732257745,0.728034992108518,0.783519917195005,COMPLETE
5,0.84076327085495,2026-10-03 07:54:59.183123,2026-10-03 07:57:40.231082,0 days 00:02:41.047959,0.00037183641805732076,0.015304852121831466,0.07475992999956503,0.5232252063599989,1.0784015325759628,PRUNED
6,0.8344606161117554,2026-10-03 07:57:40.236915,2026-10-03 08:00:22.080780,0 days 00:02:41.843865,0.000164092867306479,0.07902619549708234,0.012897950480855536,0.9828160165372797,0.9355682060677285,PRUNED
7,0.864075779914856,2026-10-03 08:00:22.087150,2026-10-03 08:05:53.654784,0 days 00:05:31.567634,0.0004138040112561013,0.0233596350262616,0.01465352103067214,0.7200762468698007,1.5926074689495167,COMPLETE
8,0.8641796708106995,2026-10-03 08:05:53.661443,2026-10-03 08:11:23.720390,0 days 00:05:30.058947,1.7541893487450798e-05,0.06586289317583113,0.011439974749291277,0.6293899908000085,2.526366859545224,COMPLETE
9,0.8451287746429443,2026-10-03 08:11:23.727174,2026-10-03 08:14:05.028497,0 days 00:02:41.301323,0.00021137059440645722,0.0123999678368461,0.07648565112369948,0.5924272277627636,1.6273842728381138,PRUNED
